<?xml version="1.0" encoding="UTF-8"?>
<testng-results ignored="0" total="1" passed="1" failed="0" skipped="0">
  <reporter-output>
  </reporter-output>
  <suite started-at="2021-08-22T00:59:57 PDT" name="Default suite" finished-at="2021-08-22T01:01:51 PDT" duration-ms="113671">
    <groups>
    </groups>
    <test started-at="2021-08-22T00:59:57 PDT" name="Default test" finished-at="2021-08-22T01:01:51 PDT" duration-ms="113671">
      <class name="TestScenario1.Exceldata">
        <test-method is-config="true" signature="exceldata()[pri:0, instance:TestScenario1.Exceldata@27ff5d15]" started-at="2021-08-22T00:59:58 PDT" name="exceldata" finished-at="2021-08-22T01:01:16 PDT" duration-ms="78186" status="PASS">
          <reporter-output>
          </reporter-output>
        </test-method> <!-- exceldata -->
        <test-method signature="data()[pri:0, instance:TestScenario1.Exceldata@27ff5d15]" started-at="2021-08-22T01:01:16 PDT" name="data" finished-at="2021-08-22T01:01:51 PDT" duration-ms="35383" status="PASS">
          <reporter-output>
          </reporter-output>
        </test-method> <!-- data -->
      </class> <!-- TestScenario1.Exceldata -->
    </test> <!-- Default test -->
  </suite> <!-- Default suite -->
</testng-results>
