<?xml version="1.0" encoding="UTF-8"?>
<testng-results ignored="0" total="1" passed="1" failed="0" skipped="0">
  <reporter-output>
  </reporter-output>
  <suite started-at="2021-08-19T03:38:19 PDT" name="Default suite" finished-at="2021-08-19T03:38:56 PDT" duration-ms="37398">
    <groups>
    </groups>
    <test started-at="2021-08-19T03:38:19 PDT" name="Default test" finished-at="2021-08-19T03:38:56 PDT" duration-ms="37398">
      <class name="TestScenario1.Testscript_36">
        <test-method is-config="true" signature="Testurllogin()[pri:0, instance:TestScenario1.Testscript_36@2f8dad04]" started-at="2021-08-19T03:38:19 PDT" name="Testurllogin" finished-at="2021-08-19T03:38:39 PDT" duration-ms="20490" status="PASS">
          <reporter-output>
          </reporter-output>
        </test-method> <!-- Testurllogin -->
        <test-method signature="Testscenario()[pri:0, instance:TestScenario1.Testscript_36@2f8dad04]" started-at="2021-08-19T03:38:39 PDT" name="Testscenario" finished-at="2021-08-19T03:38:56 PDT" duration-ms="16841" status="PASS">
          <reporter-output>
          </reporter-output>
        </test-method> <!-- Testscenario -->
      </class> <!-- TestScenario1.Testscript_36 -->
    </test> <!-- Default test -->
  </suite> <!-- Default suite -->
</testng-results>
